<?xml version="1.0" encoding="UTF-8" ?>
<testsuites errors="1"
            failures="1"
            tests="2">

  <testsuite name="adminSearch.test"
    errors="1" failures="1" hostname="" id="" package="adminSearch.test" skipped="1"
    tests="2" time="61.09" timestamp="">
  
    <testcase name="Search: Load page" classname="adminSearch.test" time="0.04000" assertions="2">

    

    
    </testcase>
  
    <testcase name="Search: Search for secret" classname="adminSearch.test" time="61.05" assertions="9">

    

    

    

    

    

    

    

      <failure message="Timed out while waiting for element &lt;.react-tags&gt; to be present for 30000 milliseconds. - expected [0;32m&#34;found&#34;[0m but got: [0;31m&#34;not found&#34;[0m [0;90m(30025ms)[0m">    at Page.enterTextInSearchbar (/tests/page-objects/SearchPage.js:73:8)
    at Object.Search: Search for secret (/tests/e2e/adminSearch.test.js:34:16)</failure>
<system-out>[[ATTACHMENT|/test-output/e2e/screenshots/adminSearch.test/Search:-Search-for-secret_FAILED_Jun-24-2020-121746-GMT+0000-(Coordinated-Universal.png]]</system-out>
    
      <failure message="    at Page.enterTextInSearchbar (/tests/page-objects/SearchPage.js:73:8)">    at Object.Search: Search for secret (/tests/e2e/adminSearch.test.js:34:16)</failure>
      <error message="Timed out while waiting for element &lt;.react-tags&gt; to be present for 30000 milliseconds. - expected [0;32m&#34;found&#34;[0m but got: [0;31m&#34;not found&#34;[0m [0;90m(30025ms)[0m" type="error">    at Object.Search: Search for secret (/tests/e2e/adminSearch.test.js:34:16)</error>
    
    </testcase>
  

  
    <system-err>
      [0;31m  NoSuchElementError: An error occurred while running .setValue() command on &lt;Element [name=@input]&gt;: undefined; undefined
   {&#34;sessionId&#34;:&#34;2ec45c03dd7455d259d015b235b25815&#34;,&#34;status&#34;:0,&#34;value&#34;:[]}[0m
[0;90m       at processTicksAndRejections (internal/process/task_queues.js:97:5)[0m
[0;31m  NoSuchElementError: An error occurred while running .setValue() command on &lt;Element [name=@input]&gt;: undefined; undefined
   {&#34;sessionId&#34;:&#34;1f3e8ea962e55fb666d2cc207f066a39&#34;,&#34;status&#34;:0,&#34;value&#34;:[]}[0m
[0;90m       at runMicrotasks (&lt;anonymous&gt;)
       at processTicksAndRejections (internal/process/task_queues.js:97:5)[0m
    </system-err>
  

  
    
    <testcase
      name="Edit secret as Admin user" classname="adminSearch.test">
      <skipped />
    </testcase>
    
  
  </testsuite>
</testsuites>
